app/mapping.txt
# compiler: R8
# compiler_version: 8.9.32
# min_api: 24
# common_typos_disable
# {"id":"com.android.tools.r8.mapping","version":"2.2"}
# pg_map_id: ac5c40c
# pg_map_hash: SHA-256 ac5c40cc3684c4f79a7fd7a464831ebc6addddfe4acab771aa8723ca422405b3
com.genymobile.scrcpy.AndroidVersions -> com.genymobile.scrcpy.AndroidVersions:
# {"id":"sourceFile","fileName":"AndroidVersions.kt"}
    1:4:void <init>():11:11 -> <init>
com.genymobile.scrcpy.AsyncProcessor -> com.genymobile.scrcpy.AsyncProcessor:
# {"id":"sourceFile","fileName":"AsyncProcessor.kt"}
com.genymobile.scrcpy.AsyncProcessor$TerminationListener -> com.genymobile.scrcpy.AsyncProcessor$TerminationListener:
# {"id":"sourceFile","fileName":"AsyncProcessor.kt"}
com.genymobile.scrcpy.BuildConfig -> com.genymobile.scrcpy.BuildConfig:
# {"id":"sourceFile","fileName":"BuildConfig.java"}
    1:4:void <init>():6:6 -> <init>
com.genymobile.scrcpy.CleanUp -> com.genymobile.scrcpy.CleanUp:
# {"id":"sourceFile","fileName":"CleanUp.kt"}
    1:1:void <init>(com.genymobile.scrcpy.Options,kotlin.jvm.internal.DefaultConstructorMarker):0:0 -> <init>
    2:2:void <init>(com.genymobile.scrcpy.Options):24:24 -> <init>
    3:4:void <init>(com.genymobile.scrcpy.Options):32:33 -> <init>
    1:4:void _init_$lambda$0(com.genymobile.scrcpy.CleanUp,com.genymobile.scrcpy.Options):32:32 -> _init_$lambda$0
    1:1:void $r8$lambda$5XvBgk-8hheguR4JRtnuFOGlxPk(com.genymobile.scrcpy.CleanUp,com.genymobile.scrcpy.Options):0:0 -> a
      # {"id":"com.android.tools.r8.synthesized"}
    3:4:void interrupt():39:39 -> interrupt
    5:7:void interrupt():40:40 -> interrupt
    8:12:void interrupt():41:41 -> interrupt
    1:6:void join():45:45 -> join
    1:2:void run(int,int,boolean,boolean,int,int):152:152 -> run
    3:4:void run(int,int,boolean,boolean,int,int):153:153 -> run
    5:10:void run(int,int,boolean,boolean,int,int):154:154 -> run
    11:14:void run(int,int,boolean,boolean,int,int):155:155 -> run
    15:18:void run(int,int,boolean,boolean,int,int):156:156 -> run
    19:22:void run(int,int,boolean,boolean,int,int):157:157 -> run
    23:26:void run(int,int,boolean,boolean,int,int):158:158 -> run
    27:30:void run(int,int,boolean,boolean,int,int):159:159 -> run
    31:38:void run(int,int,boolean,boolean,int,int):160:160 -> run
    39:51:void run(int,int,boolean,boolean,int,int):163:163 -> run
com.genymobile.scrcpy.CleanUp$$ExternalSyntheticLambda0 -> com.genymobile.scrcpy.a:
# {"id":"sourceFile","fileName":"R8$$SyntheticClass"}
# {"id":"com.android.tools.r8.synthesized"}
    int $r8$classId -> a
      # {"id":"com.android.tools.r8.synthesized"}
    com.genymobile.scrcpy.CleanUp com.genymobile.scrcpy.CleanUp$$InternalSyntheticLambda$1$ad7988b4ed87d119a6dc83cd2cb485b821c0b005ab92e1e15333dfbab95b6d4e$0.f$0 -> b
      # {"id":"com.android.tools.r8.residualsignature","signature":"Ljava/lang/Object;"}
      # {"id":"com.android.tools.r8.synthesized"}
    com.genymobile.scrcpy.Options com.genymobile.scrcpy.CleanUp$$InternalSyntheticLambda$1$ad7988b4ed87d119a6dc83cd2cb485b821c0b005ab92e1e15333dfbab95b6d4e$0.f$1 -> c
      # {"id":"com.android.tools.r8.residualsignature","signature":"Ljava/lang/Object;"}
      # {"id":"com.android.tools.r8.synthesized"}
    1:1:void <init>(java.lang.Object,java.lang.Object,int):0:0 -> <init>
      # {"id":"com.android.tools.r8.synthesized"}
    1:1:void run():0:0 -> run
      # {"id":"com.android.tools.r8.synthesized"}
...
kotlin.jvm.internal.MutablePropertyReference0 -> kotlin.jvm.internal.MutablePropertyReference0:
# {"id":"sourceFile","fileName":"MutablePropertyReference0.java"}
    1:11:kotlin.reflect.KProperty0$Getter getGetter():40:40 -> a
    1:5:java.lang.Object invoke():35:35 -> c
    1:6:kotlin.reflect.KMutableProperty0 kotlin.jvm.internal.Reflection.mutableProperty0(kotlin.jvm.internal.MutablePropertyReference0):100:100 -> i
    1:6:kotlin.reflect.KCallable computeReflected():30 -> i
kotlin.jvm.internal.MutablePropertyReference0Impl -> kotlin.jvm.internal.MutablePropertyReference0Impl:
# {"id":"sourceFile","fileName":"MutablePropertyReference0Impl.java"}
    1:9:java.lang.Object get():34:34 -> get
kotlin.jvm.internal.MutablePropertyReference1 -> kotlin.jvm.internal.MutablePropertyReference1:
# {"id":"sourceFile","fileName":"MutablePropertyReference1.java"}
    1:11:kotlin.reflect.KProperty1$Getter getGetter():41:41 -> a
    1:3:java.lang.Object invoke(java.lang.Object):36:36 -> h
    4:12:java.lang.Object kotlin.jvm.internal.MutablePropertyReference1Impl.get(java.lang.Object):34:34 -> h
    4:12:java.lang.Object invoke(java.lang.Object):36 -> h
    1:6:kotlin.reflect.KMutableProperty1 kotlin.jvm.internal.Reflection.mutableProperty1(kotlin.jvm.internal.MutablePropertyReference1):108:108 -> i
    1:6:kotlin.reflect.KCallable computeReflected():31 -> i
kotlin.jvm.internal.MutablePropertyReference1Impl -> kotlin.jvm.internal.MutablePropertyReference1Impl:
# {"id":"sourceFile","fileName":"MutablePropertyReference1Impl.java"}
kotlin.jvm.internal.MutablePropertyReference2 -> kotlin.jvm.internal.MutablePropertyReference2:
# {"id":"sourceFile","fileName":"MutablePropertyReference2.java"}
    1:11:kotlin.reflect.KProperty2$Getter getGetter():36:36 -> a
    1:3:java.lang.Object invoke(java.lang.Object,java.lang.Object):31:31 -> e
    4:12:java.lang.Object kotlin.jvm.internal.MutablePropertyReference2Impl.get(java.lang.Object,java.lang.Object):28:28 -> e
    4:12:java.lang.Object invoke(java.lang.Object,java.lang.Object):31 -> e
    1:6:kotlin.reflect.KMutableProperty2 kotlin.jvm.internal.Reflection.mutableProperty2(kotlin.jvm.internal.MutablePropertyReference2):116:116 -> i
    1:6:kotlin.reflect.KCallable computeReflected():26 -> i
kotlin.jvm.internal.MutablePropertyReference2Impl -> kotlin.jvm.internal.MutablePropertyReference2Impl:
# {"id":"sourceFile","fileName":"MutablePropertyReference2Impl.java"}
kotlin.jvm.internal.PackageReference -> kotlin.jvm.internal.PackageReference:
# {"id":"sourceFile","fileName":"PackageReference.kt"}
    java.lang.Class jClass -> a
    6:8:void <init>(java.lang.Class,java.lang.String):10:10 -> <init>
      # {"id":"com.android.tools.r8.residualsignature","signature":"(Ljava/lang/Class;)V"}
    9:11:void <init>(java.lang.Class,java.lang.String):12:12 -> <init>
    1:3:java.lang.Class getJClass():12:12 -> c
    1:6:boolean equals(java.lang.Object):19:19 -> equals
    7:8:java.lang.Class getJClass():12:12 -> equals
    7:8:boolean equals(java.lang.Object):19 -> equals
      # {"id":"com.android.tools.r8.rewriteFrame","conditions":["throws(Ljava/lang/NullPointerException;)"],"actions":["removeInnerFrames(1)"]}
    9:20:boolean equals(java.lang.Object):19:19 -> equals
    1:7:int hashCode():22:22 -> hashCode
    1:24:java.lang.String toString():25:25 -> toString
kotlin.jvm.internal.PrimitiveSpreadBuilder -> kotlin.jvm.internal.PrimitiveSpreadBuilder:
# {"id":"sourceFile","fileName":"PrimitiveSpreadBuilders.kt"}